This file contains any messages produced by compilers while
running configure, to aid debugging if configure makes a mistake.

It was created by gc configure 7.0, which was
generated by GNU Autoconf 2.61.  Invocation command line was

  $ ./configure --enable-threads=posix

## --------- ##
## Platform. ##
## --------- ##

hostname = emilia
uname -m = i386
uname -r = 8.10.1
uname -s = Darwin
uname -v = Darwin Kernel Version 8.10.1: Wed May 23 16:33:00 PDT 2007; root:xnu-792.22.5~1/RELEASE_I386

/usr/bin/uname -p = i386
/bin/uname -X     = unknown

/bin/arch              = unknown
/usr/bin/arch -k       = unknown
/usr/convex/getsysinfo = unknown
/usr/bin/hostinfo      = Mach kernel version:
	 Darwin Kernel Version 8.10.1: Wed May 23 16:33:00 PDT 2007; root:xnu-792.22.5~1/RELEASE_I386
Kernel configured for up to 2 processors.
2 processors are physically available.
2 processors are logically available.
Processor type: i486 (Intel 80486)
Processors active: 0 1
Primary memory available: 2.00 gigabytes
Default processor set: 87 tasks, 235 threads, 2 processors
Load average: 1.15, Mach factor: 0.91
/bin/machine           = unknown
/usr/bin/oslevel       = unknown
/bin/universe          = unknown

PATH: /Users/piumarta/bin
PATH: /sw/bin
PATH: /usr/local/bin
PATH: /usr/local/sbin
PATH: /usr/local/X11R6/bin
PATH: /usr/X11R6/bin
PATH: /usr/local/teTeX/bin/i386-apple-darwin-current
PATH: /Users/piumarta/bin
PATH: /sw/bin
PATH: /usr/local/bin
PATH: /usr/local/sbin
PATH: /usr/local/X11R6/bin
PATH: /usr/X11R6/bin
PATH: /usr/local/teTeX/bin/i386-apple-darwin-current
PATH: /usr/bin
PATH: /bin
PATH: /usr/sbin
PATH: /sbin
PATH: /usr/X11R6/bin


## ----------- ##
## Core tests. ##
## ----------- ##

configure:2037: checking build system type
configure:2055: result: i386-apple-darwin8.10.1
configure:2077: checking host system type
configure:2092: result: i386-apple-darwin8.10.1
configure:2114: checking target system type
configure:2129: result: i386-apple-darwin8.10.1
configure:2160: checking GC version numbers
configure:2198: result: major=7 minor=0 
configure:2216: checking for a BSD-compatible install
configure:2272: result: /usr/bin/install -c
configure:2283: checking whether build environment is sane
configure:2326: result: yes
configure:2391: checking for gawk
configure:2421: result: no
configure:2391: checking for mawk
configure:2421: result: no
configure:2391: checking for nawk
configure:2421: result: no
configure:2391: checking for awk
configure:2407: found /usr/bin/awk
configure:2418: result: awk
configure:2429: checking whether make sets $(MAKE)
configure:2450: result: yes
configure:2634: checking whether to enable maintainer-specific portions of Makefiles
configure:2643: result: no
configure:2674: checking for style of include used by make
configure:2702: result: GNU
configure:2775: checking for gcc
configure:2791: found /usr/bin/gcc
configure:2802: result: gcc
configure:3040: checking for C compiler version
configure:3047: gcc --version >&5
i686-apple-darwin8-gcc-4.0.1 (GCC) 4.0.1 (Apple Computer, Inc. build 5367)
Copyright (C) 2005 Free Software Foundation, Inc.
This is free software; see the source for copying conditions.  There is NO
warranty; not even for MERCHANTABILITY or FITNESS FOR A PARTICULAR PURPOSE.

configure:3050: $? = 0
configure:3057: gcc -v >&5
Using built-in specs.
Target: i686-apple-darwin8
Configured with: /private/var/tmp/gcc/gcc-5367.obj~1/src/configure --disable-checking -enable-werror --prefix=/usr --mandir=/share/man --enable-languages=c,objc,c++,obj-c++ --program-transform-name=/^[cg][^.-]*$/s/$/-4.0/ --with-gxx-include-dir=/include/c++/4.0.0 --with-slibdir=/usr/lib --build=powerpc-apple-darwin8 --with-arch=nocona --with-tune=generic --program-prefix= --host=i686-apple-darwin8 --target=i686-apple-darwin8
Thread model: posix
gcc version 4.0.1 (Apple Computer, Inc. build 5367)
configure:3060: $? = 0
configure:3067: gcc -V >&5
gcc: argument to `-V' is missing
configure:3070: $? = 1
configure:3093: checking for C compiler default output file name
configure:3120: gcc    conftest.c  >&5
configure:3123: $? = 0
configure:3161: result: a.out
configure:3178: checking whether the C compiler works
configure:3188: ./a.out
configure:3191: $? = 0
configure:3208: result: yes
configure:3215: checking whether we are cross compiling
configure:3217: result: no
configure:3220: checking for suffix of executables
configure:3227: gcc -o conftest    conftest.c  >&5
configure:3230: $? = 0
configure:3254: result: 
configure:3260: checking for suffix of object files
configure:3286: gcc -c   conftest.c >&5
configure:3289: $? = 0
configure:3312: result: o
configure:3316: checking whether we are using the GNU C compiler
configure:3345: gcc -c   conftest.c >&5
configure:3351: $? = 0
configure:3368: result: yes
configure:3373: checking whether gcc accepts -g
configure:3403: gcc -c -g  conftest.c >&5
configure:3409: $? = 0
configure:3508: result: yes
configure:3525: checking for gcc option to accept ISO C89
configure:3599: gcc  -c -g -O2  conftest.c >&5
configure:3605: $? = 0
configure:3628: result: none needed
configure:3648: checking dependency style of gcc
configure:3738: result: gcc3
configure:3756: checking whether gcc and cc understand -c and -o together
configure:3791: gcc -c conftest.c -o conftest2.o >&5
configure:3794: $? = 0
configure:3800: gcc -c conftest.c -o conftest2.o >&5
configure:3803: $? = 0
configure:3814: cc -c conftest.c >&5
configure:3817: $? = 0
configure:3825: cc -c conftest.c -o conftest2.o >&5
configure:3828: $? = 0
configure:3834: cc -c conftest.c -o conftest2.o >&5
configure:3837: $? = 0
configure:3855: result: yes
configure:3938: checking for g++
configure:3954: found /usr/bin/g++
configure:3965: result: g++
configure:3996: checking for C++ compiler version
configure:4003: g++ --version >&5
i686-apple-darwin8-g++-4.0.1 (GCC) 4.0.1 (Apple Computer, Inc. build 5367)
Copyright (C) 2005 Free Software Foundation, Inc.
This is free software; see the source for copying conditions.  There is NO
warranty; not even for MERCHANTABILITY or FITNESS FOR A PARTICULAR PURPOSE.

configure:4006: $? = 0
configure:4013: g++ -v >&5
Using built-in specs.
Target: i686-apple-darwin8
Configured with: /private/var/tmp/gcc/gcc-5367.obj~1/src/configure --disable-checking -enable-werror --prefix=/usr --mandir=/share/man --enable-languages=c,objc,c++,obj-c++ --program-transform-name=/^[cg][^.-]*$/s/$/-4.0/ --with-gxx-include-dir=/include/c++/4.0.0 --with-slibdir=/usr/lib --build=powerpc-apple-darwin8 --with-arch=nocona --with-tune=generic --program-prefix= --host=i686-apple-darwin8 --target=i686-apple-darwin8
Thread model: posix
gcc version 4.0.1 (Apple Computer, Inc. build 5367)
configure:4016: $? = 0
configure:4023: g++ -V >&5
g++: argument to `-V' is missing
configure:4026: $? = 1
configure:4029: checking whether we are using the GNU C++ compiler
configure:4058: g++ -c   conftest.cpp >&5
configure:4064: $? = 0
configure:4081: result: yes
configure:4086: checking whether g++ accepts -g
configure:4116: g++ -c -g  conftest.cpp >&5
configure:4122: $? = 0
configure:4221: result: yes
configure:4246: checking dependency style of g++
configure:4336: result: gcc3
configure:4405: checking for ar
configure:4421: found /usr/bin/ar
configure:4432: result: ar
configure:4501: checking for ranlib
configure:4517: found /usr/bin/ranlib
configure:4528: result: ranlib
configure:4568: checking for a BSD-compatible install
configure:4624: result: /usr/bin/install -c
configure:4871: WARNING: "Explict GC_INIT() calls may be required."
configure:5439: checking for x86_thread_state32_t.eax
configure:5469: gcc -c -g -O2  conftest.c >&5
configure:5475: $? = 0
configure:5534: result: yes
configure:5544: checking for x86_thread_state32_t.__eax
configure:5574: gcc -c -g -O2  conftest.c >&5
conftest.c: In function 'main':
conftest.c:22: error: 'x86_thread_state32_t' has no member named '__eax'
configure:5580: $? = 1
configure: failed program was:
| /* confdefs.h.  */
| #define PACKAGE_NAME "gc"
| #define PACKAGE_TARNAME "gc"
| #define PACKAGE_VERSION "7.0"
| #define PACKAGE_STRING "gc 7.0"
| #define PACKAGE_BUGREPORT "Hans.Boehm@hp.com"
| #define GC_VERSION_MAJOR 7
| #define GC_VERSION_MINOR 0
| #define PACKAGE "gc"
| #define VERSION "7.0"
| #define GC_DARWIN_THREADS 1
| #define THREAD_LOCAL_ALLOC 1
| #define HAS_X86_THREAD_STATE32_EAX 1
| /* end confdefs.h.  */
| #include <sys/cdefs.h>
|       #include <mach/thread_status.h>
| 
| int
| main ()
| {
| static x86_thread_state32_t ac_aggr;
| if (ac_aggr.__eax)
| return 0;
|   ;
|   return 0;
| }
configure:5615: gcc -c -g -O2  conftest.c >&5
conftest.c: In function 'main':
conftest.c:22: error: 'x86_thread_state32_t' has no member named '__eax'
configure:5621: $? = 1
configure: failed program was:
| /* confdefs.h.  */
| #define PACKAGE_NAME "gc"
| #define PACKAGE_TARNAME "gc"
| #define PACKAGE_VERSION "7.0"
| #define PACKAGE_STRING "gc 7.0"
| #define PACKAGE_BUGREPORT "Hans.Boehm@hp.com"
| #define GC_VERSION_MAJOR 7
| #define GC_VERSION_MINOR 0
| #define PACKAGE "gc"
| #define VERSION "7.0"
| #define GC_DARWIN_THREADS 1
| #define THREAD_LOCAL_ALLOC 1
| #define HAS_X86_THREAD_STATE32_EAX 1
| /* end confdefs.h.  */
| #include <sys/cdefs.h>
|       #include <mach/thread_status.h>
| 
| int
| main ()
| {
| static x86_thread_state32_t ac_aggr;
| if (sizeof ac_aggr.__eax)
| return 0;
|   ;
|   return 0;
| }
configure:5639: result: no
configure:5865: checking for xlc
configure:5892: gcc -c -g -O2  conftest.c >&5
conftest.c:21:4: error: #error 
configure:5898: $? = 1
configure: failed program was:
| /* confdefs.h.  */
| #define PACKAGE_NAME "gc"
| #define PACKAGE_TARNAME "gc"
| #define PACKAGE_VERSION "7.0"
| #define PACKAGE_STRING "gc 7.0"
| #define PACKAGE_BUGREPORT "Hans.Boehm@hp.com"
| #define GC_VERSION_MAJOR 7
| #define GC_VERSION_MINOR 0
| #define PACKAGE "gc"
| #define VERSION "7.0"
| #define GC_DARWIN_THREADS 1
| #define THREAD_LOCAL_ALLOC 1
| #define HAS_X86_THREAD_STATE32_EAX 1
| /* end confdefs.h.  */
| 
| int
| main ()
| {
| 
|  #ifndef __xlC__
|  # error
|  #endif
| 
|   ;
|   return 0;
| }
configure:5912: result: no
configure:6061: checking whether to build shared libraries
configure:6095: result: yes
configure:6102: checking which machine-dependent code should be used
configure:6161: result: 
configure:6217: checking for a sed that does not truncate output
configure:6271: result: /usr/bin/sed
configure:6274: checking for grep that handles long lines and -e
configure:6348: result: /usr/bin/grep
configure:6353: checking for egrep
configure:6431: result: /usr/bin/grep -E
configure:6447: checking for ld used by gcc
configure:6514: result: /usr/bin/ld
configure:6523: checking if the linker (/usr/bin/ld) is GNU ld
configure:6538: result: no
configure:6543: checking for /usr/bin/ld option to reload object files
configure:6550: result: -r
configure:6568: checking for BSD-compatible nm
configure:6617: result: /usr/bin/nm -p
configure:6621: checking whether ln -s works
configure:6625: result: yes
configure:6632: checking how to recognise dependent libraries
configure:6808: result: pass_all
configure:7041: checking how to run the C preprocessor
configure:7081: gcc -E  conftest.c
configure:7087: $? = 0
configure:7118: gcc -E  conftest.c
conftest.c:15:28: error: ac_nonexistent.h: No such file or directory
configure:7124: $? = 1
configure: failed program was:
| /* confdefs.h.  */
| #define PACKAGE_NAME "gc"
| #define PACKAGE_TARNAME "gc"
| #define PACKAGE_VERSION "7.0"
| #define PACKAGE_STRING "gc 7.0"
| #define PACKAGE_BUGREPORT "Hans.Boehm@hp.com"
| #define GC_VERSION_MAJOR 7
| #define GC_VERSION_MINOR 0
| #define PACKAGE "gc"
| #define VERSION "7.0"
| #define GC_DARWIN_THREADS 1
| #define THREAD_LOCAL_ALLOC 1
| #define HAS_X86_THREAD_STATE32_EAX 1
| /* end confdefs.h.  */
| #include <ac_nonexistent.h>
configure:7157: result: gcc -E
configure:7186: gcc -E  conftest.c
configure:7192: $? = 0
configure:7223: gcc -E  conftest.c
conftest.c:15:28: error: ac_nonexistent.h: No such file or directory
configure:7229: $? = 1
configure: failed program was:
| /* confdefs.h.  */
| #define PACKAGE_NAME "gc"
| #define PACKAGE_TARNAME "gc"
| #define PACKAGE_VERSION "7.0"
| #define PACKAGE_STRING "gc 7.0"
| #define PACKAGE_BUGREPORT "Hans.Boehm@hp.com"
| #define GC_VERSION_MAJOR 7
| #define GC_VERSION_MINOR 0
| #define PACKAGE "gc"
| #define VERSION "7.0"
| #define GC_DARWIN_THREADS 1
| #define THREAD_LOCAL_ALLOC 1
| #define HAS_X86_THREAD_STATE32_EAX 1
| /* end confdefs.h.  */
| #include <ac_nonexistent.h>
configure:7267: checking for ANSI C header files
configure:7297: gcc -c -g -O2  conftest.c >&5
configure:7303: $? = 0
configure:7399: gcc -o conftest -g -O2   conftest.c  >&5
configure:7402: $? = 0
configure:7408: ./conftest
configure:7411: $? = 0
configure:7428: result: yes
configure:7452: checking for sys/types.h
configure:7473: gcc -c -g -O2  conftest.c >&5
configure:7479: $? = 0
configure:7495: result: yes
configure:7452: checking for sys/stat.h
configure:7473: gcc -c -g -O2  conftest.c >&5
configure:7479: $? = 0
configure:7495: result: yes
configure:7452: checking for stdlib.h
configure:7473: gcc -c -g -O2  conftest.c >&5
configure:7479: $? = 0
configure:7495: result: yes
configure:7452: checking for string.h
configure:7473: gcc -c -g -O2  conftest.c >&5
configure:7479: $? = 0
configure:7495: result: yes
configure:7452: checking for memory.h
configure:7473: gcc -c -g -O2  conftest.c >&5
configure:7479: $? = 0
configure:7495: result: yes
configure:7452: checking for strings.h
configure:7473: gcc -c -g -O2  conftest.c >&5
configure:7479: $? = 0
configure:7495: result: yes
configure:7452: checking for inttypes.h
configure:7473: gcc -c -g -O2  conftest.c >&5
configure:7479: $? = 0
configure:7495: result: yes
configure:7452: checking for stdint.h
configure:7473: gcc -c -g -O2  conftest.c >&5
configure:7479: $? = 0
configure:7495: result: yes
configure:7452: checking for unistd.h
configure:7473: gcc -c -g -O2  conftest.c >&5
configure:7479: $? = 0
configure:7495: result: yes
configure:7522: checking dlfcn.h usability
configure:7539: gcc -c -g -O2  conftest.c >&5
configure:7545: $? = 0
configure:7559: result: yes
configure:7563: checking dlfcn.h presence
configure:7578: gcc -E  conftest.c
configure:7584: $? = 0
configure:7598: result: yes
configure:7631: checking for dlfcn.h
configure:7639: result: yes
configure:7662: checking how to run the C++ preprocessor
configure:7698: g++ -E  conftest.cpp
configure:7704: $? = 0
configure:7735: g++ -E  conftest.cpp
conftest.cpp:26:28: error: ac_nonexistent.h: No such file or directory
configure:7741: $? = 1
configure: failed program was:
| /* confdefs.h.  */
| #define PACKAGE_NAME "gc"
| #define PACKAGE_TARNAME "gc"
| #define PACKAGE_VERSION "7.0"
| #define PACKAGE_STRING "gc 7.0"
| #define PACKAGE_BUGREPORT "Hans.Boehm@hp.com"
| #define GC_VERSION_MAJOR 7
| #define GC_VERSION_MINOR 0
| #define PACKAGE "gc"
| #define VERSION "7.0"
| #define GC_DARWIN_THREADS 1
| #define THREAD_LOCAL_ALLOC 1
| #define HAS_X86_THREAD_STATE32_EAX 1
| #define STDC_HEADERS 1
| #define HAVE_SYS_TYPES_H 1
| #define HAVE_SYS_STAT_H 1
| #define HAVE_STDLIB_H 1
| #define HAVE_STRING_H 1
| #define HAVE_MEMORY_H 1
| #define HAVE_STRINGS_H 1
| #define HAVE_INTTYPES_H 1
| #define HAVE_STDINT_H 1
| #define HAVE_UNISTD_H 1
| #define HAVE_DLFCN_H 1
| /* end confdefs.h.  */
| #include <ac_nonexistent.h>
configure:7774: result: g++ -E
configure:7803: g++ -E  conftest.cpp
configure:7809: $? = 0
configure:7840: g++ -E  conftest.cpp
conftest.cpp:26:28: error: ac_nonexistent.h: No such file or directory
configure:7846: $? = 1
configure: failed program was:
| /* confdefs.h.  */
| #define PACKAGE_NAME "gc"
| #define PACKAGE_TARNAME "gc"
| #define PACKAGE_VERSION "7.0"
| #define PACKAGE_STRING "gc 7.0"
| #define PACKAGE_BUGREPORT "Hans.Boehm@hp.com"
| #define GC_VERSION_MAJOR 7
| #define GC_VERSION_MINOR 0
| #define PACKAGE "gc"
| #define VERSION "7.0"
| #define GC_DARWIN_THREADS 1
| #define THREAD_LOCAL_ALLOC 1
| #define HAS_X86_THREAD_STATE32_EAX 1
| #define STDC_HEADERS 1
| #define HAVE_SYS_TYPES_H 1
| #define HAVE_SYS_STAT_H 1
| #define HAVE_STDLIB_H 1
| #define HAVE_STRING_H 1
| #define HAVE_MEMORY_H 1
| #define HAVE_STRINGS_H 1
| #define HAVE_INTTYPES_H 1
| #define HAVE_STDINT_H 1
| #define HAVE_UNISTD_H 1
| #define HAVE_DLFCN_H 1
| /* end confdefs.h.  */
| #include <ac_nonexistent.h>
configure:7939: checking for g77
configure:7969: result: no
configure:7939: checking for xlf
configure:7969: result: no
configure:7939: checking for f77
configure:7969: result: no
configure:7939: checking for frt
configure:7969: result: no
configure:7939: checking for pgf77
configure:7969: result: no
configure:7939: checking for cf77
configure:7969: result: no
configure:7939: checking for fort77
configure:7969: result: no
configure:7939: checking for fl32
configure:7969: result: no
configure:7939: checking for af77
configure:7969: result: no
configure:7939: checking for xlf90
configure:7969: result: no
configure:7939: checking for f90
configure:7969: result: no
configure:7939: checking for pgf90
configure:7969: result: no
configure:7939: checking for pghpf
configure:7969: result: no
configure:7939: checking for epcf90
configure:7969: result: no
configure:7939: checking for gfortran
configure:7969: result: no
configure:7939: checking for g95
configure:7969: result: no
configure:7939: checking for xlf95
configure:7969: result: no
configure:7939: checking for f95
configure:7969: result: no
configure:7939: checking for fort
configure:7969: result: no
configure:7939: checking for ifort
configure:7969: result: no
configure:7939: checking for ifc
configure:7969: result: no
configure:7939: checking for efc
configure:7969: result: no
configure:7939: checking for pgf95
configure:7969: result: no
configure:7939: checking for lf95
configure:7969: result: no
configure:7939: checking for ftn
configure:7969: result: no
configure:7996: checking for Fortran 77 compiler version
configure:8003:  --version >&5
./configure: line 1: --version: command not found
configure:8006: $? = 127
configure:8013:  -v >&5
./configure: line 1: -v: command not found
configure:8016: $? = 127
configure:8023:  -V >&5
./configure: line 1: -V: command not found
configure:8026: $? = 127
configure:8034: checking whether we are using the GNU Fortran 77 compiler
configure:8053:  -c  conftest.F >&5
./configure: line 1: -c: command not found
configure:8059: $? = 127
configure: failed program was:
|       program main
| #ifndef __GNUC__
|        choke me
| #endif
| 
|       end
configure:8076: result: no
configure:8082: checking whether  accepts -g
configure:8099:  -c -g conftest.f >&5
./configure: line 1: -c: command not found
configure:8105: $? = 127
configure: failed program was:
|       program main
| 
|       end
configure:8121: result: no
configure:8151: checking the maximum length of command line arguments
configure:8260: result: 196608
configure:8271: checking command to parse /usr/bin/nm -p output from gcc object
configure:8376: gcc -c -g -O2  conftest.c >&5
configure:8379: $? = 0
configure:8383: /usr/bin/nm -p conftest.o \| sed -n -e 's/^.*[ 	]\([BCDEGRST][BCDEGRST]*\)[ 	][ 	]*\([_A-Za-z][_A-Za-z0-9]*\)$/\1 \2 \2/p' \> conftest.nm
configure:8386: $? = 0
cannot find nm_test_var in conftest.nm
configure:8376: gcc -c -g -O2  conftest.c >&5
configure:8379: $? = 0
configure:8383: /usr/bin/nm -p conftest.o \| sed -n -e 's/^.*[ 	]\([BCDEGRST][BCDEGRST]*\)[ 	][ 	]*_\([_A-Za-z][_A-Za-z0-9]*\)$/\1 _\2 \2/p' \> conftest.nm
configure:8386: $? = 0
configure:8438: gcc -o conftest -g -O2   conftest.c conftstm.o >&5
configure:8441: $? = 0
configure:8479: result: ok
configure:8483: checking for objdir
configure:8498: result: .libs
configure:8590: checking for ar
configure:8617: result: ar
configure:8686: checking for ranlib
configure:8713: result: ranlib
configure:8782: checking for strip
configure:8798: found /usr/bin/strip
configure:8809: result: strip
configure:9099: checking if gcc supports -fno-rtti -fno-exceptions
configure:9120: gcc -c -g -O2  -fno-rtti -fno-exceptions conftest.c >&5
cc1: warning: command line option "-fno-rtti" is valid for C++/ObjC++ but not for C
configure:9124: $? = 0
configure:9134: result: no
configure:9149: checking for gcc option to produce PIC
configure:9359: result: -fno-common
configure:9367: checking if gcc PIC flag -fno-common works
configure:9388: gcc -c -g -O2  -fno-common -DPIC conftest.c >&5
configure:9392: $? = 0
configure:9402: result: yes
configure:9430: checking if gcc static flag -static works
configure:9458: result: no
configure:9468: checking if gcc supports -c -o file.o
configure:9492: gcc -c -g -O2  -o out/conftest2.o conftest.c >&5
configure:9496: $? = 0
configure:9515: result: yes
configure:9541: checking whether the gcc linker (/usr/bin/ld) supports shared libraries
configure:10495: result: yes
configure:10562: checking dynamic linker characteristics
configure:11150: result: darwin8.10.1 dyld
configure:11159: checking how to hardcode library paths into programs
configure:11184: result: immediate
configure:11198: checking whether stripping libraries is possible
configure:11211: result: yes
configure:12004: checking if libtool supports shared libraries
configure:12006: result: yes
configure:12009: checking whether to build shared libraries
configure:12030: result: yes
configure:12033: checking whether to build static libraries
configure:12037: result: yes
configure:12129: creating libtool
configure:12717: checking for ld used by g++
configure:12784: result: /usr/bin/ld
configure:12793: checking if the linker (/usr/bin/ld) is GNU ld
configure:12808: result: no
configure:12859: checking whether the g++ linker (/usr/bin/ld) supports shared libraries
configure:13793: result: yes
configure:13815: g++ -c -g -O2  conftest.cpp >&5
configure:13818: $? = 0
configure:13937: checking for g++ option to produce PIC
configure:14211: result: -fno-common
configure:14219: checking if g++ PIC flag -fno-common works
configure:14240: g++ -c -g -O2  -fno-common -DPIC conftest.cpp >&5
configure:14244: $? = 0
configure:14254: result: yes
configure:14282: checking if g++ static flag -static works
configure:14310: result: no
configure:14320: checking if g++ supports -c -o file.o
configure:14344: g++ -c -g -O2  -o out/conftest2.o conftest.cpp >&5
configure:14348: $? = 0
configure:14367: result: yes
configure:14393: checking whether the g++ linker (/usr/bin/ld) supports shared libraries
configure:14418: result: yes
configure:14485: checking dynamic linker characteristics
configure:15073: result: darwin8.10.1 dyld
configure:15082: checking how to hardcode library paths into programs
configure:15107: result: immediate
configure:21266: checking sys/dg_sys_info.h usability
configure:21283: gcc -c -g -O2  conftest.c >&5
conftest.c:59:29: error: sys/dg_sys_info.h: No such file or directory
configure:21289: $? = 1
configure: failed program was:
| /* confdefs.h.  */
| #define PACKAGE_NAME "gc"
| #define PACKAGE_TARNAME "gc"
| #define PACKAGE_VERSION "7.0"
| #define PACKAGE_STRING "gc 7.0"
| #define PACKAGE_BUGREPORT "Hans.Boehm@hp.com"
| #define GC_VERSION_MAJOR 7
| #define GC_VERSION_MINOR 0
| #define PACKAGE "gc"
| #define VERSION "7.0"
| #define GC_DARWIN_THREADS 1
| #define THREAD_LOCAL_ALLOC 1
| #define HAS_X86_THREAD_STATE32_EAX 1
| #define STDC_HEADERS 1
| #define HAVE_SYS_TYPES_H 1
| #define HAVE_SYS_STAT_H 1
| #define HAVE_STDLIB_H 1
| #define HAVE_STRING_H 1
| #define HAVE_MEMORY_H 1
| #define HAVE_STRINGS_H 1
| #define HAVE_INTTYPES_H 1
| #define HAVE_STDINT_H 1
| #define HAVE_UNISTD_H 1
| #define HAVE_DLFCN_H 1
| /* end confdefs.h.  */
| #include <stdio.h>
| #ifdef HAVE_SYS_TYPES_H
| # include <sys/types.h>
| #endif
| #ifdef HAVE_SYS_STAT_H
| # include <sys/stat.h>
| #endif
| #ifdef STDC_HEADERS
| # include <stdlib.h>
| # include <stddef.h>
| #else
| # ifdef HAVE_STDLIB_H
| #  include <stdlib.h>
| # endif
| #endif
| #ifdef HAVE_STRING_H
| # if !defined STDC_HEADERS && defined HAVE_MEMORY_H
| #  include <memory.h>
| # endif
| # include <string.h>
| #endif
| #ifdef HAVE_STRINGS_H
| # include <strings.h>
| #endif
| #ifdef HAVE_INTTYPES_H
| # include <inttypes.h>
| #endif
| #ifdef HAVE_STDINT_H
| # include <stdint.h>
| #endif
| #ifdef HAVE_UNISTD_H
| # include <unistd.h>
| #endif
| #include <sys/dg_sys_info.h>
configure:21303: result: no
configure:21307: checking sys/dg_sys_info.h presence
configure:21322: gcc -E  conftest.c
conftest.c:26:29: error: sys/dg_sys_info.h: No such file or directory
configure:21328: $? = 1
configure: failed program was:
| /* confdefs.h.  */
| #define PACKAGE_NAME "gc"
| #define PACKAGE_TARNAME "gc"
| #define PACKAGE_VERSION "7.0"
| #define PACKAGE_STRING "gc 7.0"
| #define PACKAGE_BUGREPORT "Hans.Boehm@hp.com"
| #define GC_VERSION_MAJOR 7
| #define GC_VERSION_MINOR 0
| #define PACKAGE "gc"
| #define VERSION "7.0"
| #define GC_DARWIN_THREADS 1
| #define THREAD_LOCAL_ALLOC 1
| #define HAS_X86_THREAD_STATE32_EAX 1
| #define STDC_HEADERS 1
| #define HAVE_SYS_TYPES_H 1
| #define HAVE_SYS_STAT_H 1
| #define HAVE_STDLIB_H 1
| #define HAVE_STRING_H 1
| #define HAVE_MEMORY_H 1
| #define HAVE_STRINGS_H 1
| #define HAVE_INTTYPES_H 1
| #define HAVE_STDINT_H 1
| #define HAVE_UNISTD_H 1
| #define HAVE_DLFCN_H 1
| /* end confdefs.h.  */
| #include <sys/dg_sys_info.h>
configure:21342: result: no
configure:21375: checking for sys/dg_sys_info.h
configure:21382: result: no
configure:21429: checking whether Solaris gcc optimization fix is necessary
configure:21452: result: no
configure:21732: checking atomic_ops.h usability
configure:21749: gcc -c -g -O2  conftest.c >&5
conftest.c:64:24: error: atomic_ops.h: No such file or directory
configure:21755: $? = 1
configure: failed program was:
| /* confdefs.h.  */
| #define PACKAGE_NAME "gc"
| #define PACKAGE_TARNAME "gc"
| #define PACKAGE_VERSION "7.0"
| #define PACKAGE_STRING "gc 7.0"
| #define PACKAGE_BUGREPORT "Hans.Boehm@hp.com"
| #define GC_VERSION_MAJOR 7
| #define GC_VERSION_MINOR 0
| #define PACKAGE "gc"
| #define VERSION "7.0"
| #define GC_DARWIN_THREADS 1
| #define THREAD_LOCAL_ALLOC 1
| #define HAS_X86_THREAD_STATE32_EAX 1
| #define STDC_HEADERS 1
| #define HAVE_SYS_TYPES_H 1
| #define HAVE_SYS_STAT_H 1
| #define HAVE_STDLIB_H 1
| #define HAVE_STRING_H 1
| #define HAVE_MEMORY_H 1
| #define HAVE_STRINGS_H 1
| #define HAVE_INTTYPES_H 1
| #define HAVE_STDINT_H 1
| #define HAVE_UNISTD_H 1
| #define HAVE_DLFCN_H 1
| #define NO_EXECUTE_PERMISSION 1
| #define ALL_INTERIOR_POINTERS 1
| #define GC_GCJ_SUPPORT 1
| #define JAVA_FINALIZATION 1
| #define ATOMIC_UNCOLLECTABLE 1
| /* end confdefs.h.  */
| #include <stdio.h>
| #ifdef HAVE_SYS_TYPES_H
| # include <sys/types.h>
| #endif
| #ifdef HAVE_SYS_STAT_H
| # include <sys/stat.h>
| #endif
| #ifdef STDC_HEADERS
| # include <stdlib.h>
| # include <stddef.h>
| #else
| # ifdef HAVE_STDLIB_H
| #  include <stdlib.h>
| # endif
| #endif
| #ifdef HAVE_STRING_H
| # if !defined STDC_HEADERS && defined HAVE_MEMORY_H
| #  include <memory.h>
| # endif
| # include <string.h>
| #endif
| #ifdef HAVE_STRINGS_H
| # include <strings.h>
| #endif
| #ifdef HAVE_INTTYPES_H
| # include <inttypes.h>
| #endif
| #ifdef HAVE_STDINT_H
| # include <stdint.h>
| #endif
| #ifdef HAVE_UNISTD_H
| # include <unistd.h>
| #endif
| #include <atomic_ops.h>
configure:21769: result: no
configure:21773: checking atomic_ops.h presence
configure:21788: gcc -E  conftest.c
conftest.c:31:24: error: atomic_ops.h: No such file or directory
configure:21794: $? = 1
configure: failed program was:
| /* confdefs.h.  */
| #define PACKAGE_NAME "gc"
| #define PACKAGE_TARNAME "gc"
| #define PACKAGE_VERSION "7.0"
| #define PACKAGE_STRING "gc 7.0"
| #define PACKAGE_BUGREPORT "Hans.Boehm@hp.com"
| #define GC_VERSION_MAJOR 7
| #define GC_VERSION_MINOR 0
| #define PACKAGE "gc"
| #define VERSION "7.0"
| #define GC_DARWIN_THREADS 1
| #define THREAD_LOCAL_ALLOC 1
| #define HAS_X86_THREAD_STATE32_EAX 1
| #define STDC_HEADERS 1
| #define HAVE_SYS_TYPES_H 1
| #define HAVE_SYS_STAT_H 1
| #define HAVE_STDLIB_H 1
| #define HAVE_STRING_H 1
| #define HAVE_MEMORY_H 1
| #define HAVE_STRINGS_H 1
| #define HAVE_INTTYPES_H 1
| #define HAVE_STDINT_H 1
| #define HAVE_UNISTD_H 1
| #define HAVE_DLFCN_H 1
| #define NO_EXECUTE_PERMISSION 1
| #define ALL_INTERIOR_POINTERS 1
| #define GC_GCJ_SUPPORT 1
| #define JAVA_FINALIZATION 1
| #define ATOMIC_UNCOLLECTABLE 1
| /* end confdefs.h.  */
| #include <atomic_ops.h>
configure:21808: result: no
configure:21841: checking for atomic_ops.h
configure:21848: result: no
configure:21876: Using internal version of libatomic_ops
configure:22156: creating ./config.status

## ---------------------- ##
## Running config.status. ##
## ---------------------- ##

This file was extended by gc config.status 7.0, which was
generated by GNU Autoconf 2.61.  Invocation command line was

  CONFIG_FILES    = 
  CONFIG_HEADERS  = 
  CONFIG_LINKS    = 
  CONFIG_COMMANDS = 
  $ ./config.status 

on emilia

config.status:691: creating Makefile
config.status:691: creating bdw-gc.pc
config.status:876: executing depfiles commands
config.status:876: executing default commands
configure:23384: === configuring in libatomic_ops (/Users/piumarta/src/idst/object/gc-7.0/libatomic_ops)
configure:23487: running /bin/sh ./configure '--prefix=/usr/local'  '--enable-threads=posix' --cache-file=/dev/null --srcdir=.

## ---------------- ##
## Cache variables. ##
## ---------------- ##

ac_cv_build=i386-apple-darwin8.10.1
ac_cv_c_compiler_gnu=yes
ac_cv_cxx_compiler_gnu=yes
ac_cv_env_CCASFLAGS_set=
ac_cv_env_CCASFLAGS_value=
ac_cv_env_CCAS_set=
ac_cv_env_CCAS_value=
ac_cv_env_CCC_set=
ac_cv_env_CCC_value=
ac_cv_env_CC_set=
ac_cv_env_CC_value=
ac_cv_env_CFLAGS_set=
ac_cv_env_CFLAGS_value=
ac_cv_env_CPPFLAGS_set=
ac_cv_env_CPPFLAGS_value=
ac_cv_env_CPP_set=
ac_cv_env_CPP_value=
ac_cv_env_CXXCPP_set=
ac_cv_env_CXXCPP_value=
ac_cv_env_CXXFLAGS_set=
ac_cv_env_CXXFLAGS_value=
ac_cv_env_CXX_set=
ac_cv_env_CXX_value=
ac_cv_env_F77_set=
ac_cv_env_F77_value=
ac_cv_env_FFLAGS_set=
ac_cv_env_FFLAGS_value=
ac_cv_env_LDFLAGS_set=
ac_cv_env_LDFLAGS_value=
ac_cv_env_LIBS_set=
ac_cv_env_LIBS_value=
ac_cv_env_build_alias_set=
ac_cv_env_build_alias_value=
ac_cv_env_host_alias_set=
ac_cv_env_host_alias_value=
ac_cv_env_target_alias_set=
ac_cv_env_target_alias_value=
ac_cv_f77_compiler_gnu=no
ac_cv_header_atomic_ops_h=no
ac_cv_header_dlfcn_h=yes
ac_cv_header_inttypes_h=yes
ac_cv_header_memory_h=yes
ac_cv_header_stdc=yes
ac_cv_header_stdint_h=yes
ac_cv_header_stdlib_h=yes
ac_cv_header_string_h=yes
ac_cv_header_strings_h=yes
ac_cv_header_sys_dg_sys_info_h=no
ac_cv_header_sys_stat_h=yes
ac_cv_header_sys_types_h=yes
ac_cv_header_unistd_h=yes
ac_cv_host=i386-apple-darwin8.10.1
ac_cv_member_x86_thread_state32_t___eax=no
ac_cv_member_x86_thread_state32_t_eax=yes
ac_cv_objext=o
ac_cv_path_EGREP='/usr/bin/grep -E'
ac_cv_path_GREP=/usr/bin/grep
ac_cv_path_install='/usr/bin/install -c'
ac_cv_prog_AWK=awk
ac_cv_prog_CPP='gcc -E'
ac_cv_prog_CXXCPP='g++ -E'
ac_cv_prog_ac_ct_AR=ar
ac_cv_prog_ac_ct_CC=gcc
ac_cv_prog_ac_ct_CXX=g++
ac_cv_prog_ac_ct_RANLIB=ranlib
ac_cv_prog_ac_ct_STRIP=strip
ac_cv_prog_cc_c89=
ac_cv_prog_cc_g=yes
ac_cv_prog_cc_gcc_c_o=yes
ac_cv_prog_cxx_g=yes
ac_cv_prog_f77_g=no
ac_cv_prog_make_make_set=yes
ac_cv_target=i386-apple-darwin8.10.1
am_cv_CC_dependencies_compiler_type=gcc3
am_cv_CXX_dependencies_compiler_type=gcc3
lt_cv_deplibs_check_method=pass_all
lt_cv_file_magic_cmd='$MAGIC_CMD'
lt_cv_file_magic_test_file=
lt_cv_ld_reload_flag=-r
lt_cv_objdir=.libs
lt_cv_path_LD=/usr/bin/ld
lt_cv_path_LDCXX=/usr/bin/ld
lt_cv_path_NM='/usr/bin/nm -p'
lt_cv_path_SED=/usr/bin/sed
lt_cv_prog_compiler_c_o=yes
lt_cv_prog_compiler_c_o_CXX=yes
lt_cv_prog_compiler_rtti_exceptions=no
lt_cv_prog_gnu_ld=no
lt_cv_prog_gnu_ldcxx=no
lt_cv_sys_global_symbol_pipe='sed -n -e '\''s/^.*[ 	]\([BCDEGRST][BCDEGRST]*\)[ 	][ 	]*_\([_A-Za-z][_A-Za-z0-9]*\)$/\1 _\2 \2/p'\'''
lt_cv_sys_global_symbol_to_c_name_address='sed -n -e '\''s/^: \([^ ]*\) $/  {\"\1\", (lt_ptr) 0},/p'\'' -e '\''s/^[BCDEGRST] \([^ ]*\) \([^ ]*\)$/  {"\2", (lt_ptr) \&\2},/p'\'''
lt_cv_sys_global_symbol_to_cdecl='sed -n -e '\''s/^. .* \(.*\)$/extern int \1;/p'\'''
lt_cv_sys_max_cmd_len=196608
lt_lt_cv_prog_compiler_c_o='"yes"'
lt_lt_cv_prog_compiler_c_o_CXX='"yes"'
lt_lt_cv_sys_global_symbol_pipe='"sed -n -e '\''s/^.*[ 	]\\([BCDEGRST][BCDEGRST]*\\)[ 	][ 	]*_\\([_A-Za-z][_A-Za-z0-9]*\\)\$/\\1 _\\2 \\2/p'\''"'
lt_lt_cv_sys_global_symbol_to_c_name_address='"sed -n -e '\''s/^: \\([^ ]*\\) \$/  {\\\"\\1\\\", (lt_ptr) 0},/p'\'' -e '\''s/^[BCDEGRST] \\([^ ]*\\) \\([^ ]*\\)\$/  {\"\\2\", (lt_ptr) \\&\\2},/p'\''"'
lt_lt_cv_sys_global_symbol_to_cdecl='"sed -n -e '\''s/^. .* \\(.*\\)\$/extern int \\1;/p'\''"'

## ----------------- ##
## Output variables. ##
## ----------------- ##

ACLOCAL='${SHELL} /Users/piumarta/src/idst/object/gc-7.0/missing --run aclocal-1.9'
AMDEPBACKSLASH='\'
AMDEP_FALSE='#'
AMDEP_TRUE=''
AMTAR='${SHELL} /Users/piumarta/src/idst/object/gc-7.0/missing --run tar'
AR='ar'
AUTOCONF='${SHELL} /Users/piumarta/src/idst/object/gc-7.0/missing --run autoconf'
AUTOHEADER='${SHELL} /Users/piumarta/src/idst/object/gc-7.0/missing --run autoheader'
AUTOMAKE='${SHELL} /Users/piumarta/src/idst/object/gc-7.0/missing --run automake-1.9'
AWK='awk'
CC='gcc'
CCAS='gcc'
CCASFLAGS='-g -O2'
CCDEPMODE='depmode=gcc3'
CFLAGS='-g -O2'
COMPILER_XLC_FALSE=''
COMPILER_XLC_TRUE='#'
CPLUSPLUS_FALSE=''
CPLUSPLUS_TRUE='#'
CPP='gcc -E'
CPPFLAGS=''
CXX='g++'
CXXCPP='g++ -E'
CXXDEPMODE='depmode=gcc3'
CXXFLAGS='-g -O2'
CXXINCLUDES=''
CYGPATH_W='echo'
DARWIN_THREADS_FALSE='#'
DARWIN_THREADS_TRUE=''
DEFS='-DPACKAGE_NAME=\"gc\" -DPACKAGE_TARNAME=\"gc\" -DPACKAGE_VERSION=\"7.0\" -DPACKAGE_STRING=\"gc\ 7.0\" -DPACKAGE_BUGREPORT=\"Hans.Boehm@hp.com\" -DGC_VERSION_MAJOR=7 -DGC_VERSION_MINOR=0 -DPACKAGE=\"gc\" -DVERSION=\"7.0\" -DGC_DARWIN_THREADS=1 -DTHREAD_LOCAL_ALLOC=1 -DHAS_X86_THREAD_STATE32_EAX=1 -DSTDC_HEADERS=1 -DHAVE_SYS_TYPES_H=1 -DHAVE_SYS_STAT_H=1 -DHAVE_STDLIB_H=1 -DHAVE_STRING_H=1 -DHAVE_MEMORY_H=1 -DHAVE_STRINGS_H=1 -DHAVE_INTTYPES_H=1 -DHAVE_STDINT_H=1 -DHAVE_UNISTD_H=1 -DHAVE_DLFCN_H=1 -DNO_EXECUTE_PERMISSION=1 -DALL_INTERIOR_POINTERS=1 -DGC_GCJ_SUPPORT=1 -DJAVA_FINALIZATION=1 -DATOMIC_UNCOLLECTABLE=1'
DEPDIR='.deps'
ECHO='echo'
ECHO_C=''
ECHO_N='-n'
ECHO_T=''
EGREP='/usr/bin/grep -E'
ENABLE_GCJ_SUPPORT_FALSE='#'
ENABLE_GCJ_SUPPORT_TRUE=''
EXEEXT=''
EXTRA_TEST_LIBS=''
F77=''
FFLAGS=''
GC_CFLAGS=' -fexceptions -I $(top_srcdir)/libatomic_ops/src'
GC_VERSION=''
GREP='/usr/bin/grep'
INCLUDES='-I./include'
INSTALL_DATA='${INSTALL} -m 644'
INSTALL_PROGRAM='${INSTALL}'
INSTALL_SCRIPT='${INSTALL}'
INSTALL_STRIP_PROGRAM='${SHELL} $(install_sh) -c -s'
LDFLAGS=''
LIBOBJS=''
LIBS=''
LIBTOOL='$(SHELL) $(top_builddir)/libtool'
LN_S='ln -s'
LTLIBOBJS=''
MAINT='#'
MAINTAINER_MODE_FALSE=''
MAINTAINER_MODE_TRUE='#'
MAKEINFO='${SHELL} /Users/piumarta/src/idst/object/gc-7.0/missing --run makeinfo'
NEED_ATOMIC_OPS_ASM_FALSE=''
NEED_ATOMIC_OPS_ASM_TRUE='#'
OBJEXT='o'
PACKAGE='gc'
PACKAGE_BUGREPORT='Hans.Boehm@hp.com'
PACKAGE_NAME='gc'
PACKAGE_STRING='gc 7.0'
PACKAGE_TARNAME='gc'
PACKAGE_VERSION='7.0'
PATH_SEPARATOR=':'
PTHREADS_FALSE='#'
PTHREADS_TRUE=''
RANLIB='ranlib'
SET_MAKE=''
SHELL='/bin/sh'
STRIP='strip'
THREADDLLIBS='-lpthread'
THREADS_FALSE='#'
THREADS_TRUE=''
UNWINDLIBS=''
USE_INTERNAL_LIBATOMIC_OPS_FALSE='#'
USE_INTERNAL_LIBATOMIC_OPS_TRUE=''
USE_LIBDIR_FALSE='#'
USE_LIBDIR_TRUE=''
VERSION='7.0'
WIN32_THREADS_FALSE=''
WIN32_THREADS_TRUE='#'
ac_ct_CC='gcc'
ac_ct_CXX='g++'
ac_ct_F77=''
addlibs=''
addobjs=' mach_dep.lo'
am__fastdepCC_FALSE='#'
am__fastdepCC_TRUE=''
am__fastdepCXX_FALSE='#'
am__fastdepCXX_TRUE=''
am__include='include'
am__leading_dot='.'
am__quote=''
am__tar='${AMTAR} chof - "$$tardir"'
am__untar='${AMTAR} xf -'
atomic_ops_libs='-latomic_ops'
bindir='${exec_prefix}/bin'
build='i386-apple-darwin8.10.1'
build_alias=''
build_cpu='i386'
build_os='darwin8.10.1'
build_vendor='apple'
datadir='${datarootdir}'
datarootdir='${prefix}/share'
docdir='${datarootdir}/doc/${PACKAGE_TARNAME}'
dvidir='${docdir}'
exec_prefix='${prefix}'
extra_ldflags_libgc='-Wl,-single_module'
host='i386-apple-darwin8.10.1'
host_alias=''
host_cpu='i386'
host_os='darwin8.10.1'
host_vendor='apple'
htmldir='${docdir}'
includedir='${prefix}/include'
infodir='${datarootdir}/info'
install_sh='/Users/piumarta/src/idst/object/gc-7.0/install-sh'
libdir='${exec_prefix}/lib'
libexecdir='${exec_prefix}/libexec'
localedir='${datarootdir}/locale'
localstatedir='${prefix}/var'
mandir='${datarootdir}/man'
mkdir_p='$(mkinstalldirs)'
oldincludedir='/usr/include'
pdfdir='${docdir}'
prefix='/usr/local'
program_transform_name='s,x,x,'
psdir='${docdir}'
sbindir='${exec_prefix}/sbin'
sharedstatedir='${prefix}/com'
subdirs=' libatomic_ops'
sysconfdir='${prefix}/etc'
target='i386-apple-darwin8.10.1'
target_alias=''
target_all='libgc.la'
target_cpu='i386'
target_os='darwin8.10.1'
target_vendor='apple'

## ----------- ##
## confdefs.h. ##
## ----------- ##

#define PACKAGE_NAME "gc"
#define PACKAGE_TARNAME "gc"
#define PACKAGE_VERSION "7.0"
#define PACKAGE_STRING "gc 7.0"
#define PACKAGE_BUGREPORT "Hans.Boehm@hp.com"
#define GC_VERSION_MAJOR 7
#define GC_VERSION_MINOR 0
#define PACKAGE "gc"
#define VERSION "7.0"
#define GC_DARWIN_THREADS 1
#define THREAD_LOCAL_ALLOC 1
#define HAS_X86_THREAD_STATE32_EAX 1
#define STDC_HEADERS 1
#define HAVE_SYS_TYPES_H 1
#define HAVE_SYS_STAT_H 1
#define HAVE_STDLIB_H 1
#define HAVE_STRING_H 1
#define HAVE_MEMORY_H 1
#define HAVE_STRINGS_H 1
#define HAVE_INTTYPES_H 1
#define HAVE_STDINT_H 1
#define HAVE_UNISTD_H 1
#define HAVE_DLFCN_H 1
#define NO_EXECUTE_PERMISSION 1
#define ALL_INTERIOR_POINTERS 1
#define GC_GCJ_SUPPORT 1
#define JAVA_FINALIZATION 1
#define ATOMIC_UNCOLLECTABLE 1

configure: exit 0
